2025-06-25T18:00:53+00:00 INFO Automatic database update triggered.
2025-06-25T18:00:53+00:00 INFO Scheduling database updates (from 9.1.2 to 9.9.5)...
2025-06-25T18:00:53+00:00 INFO   Updates from version 9.2.0 scheduled.
2025-06-25T18:00:55+00:00 INFO   Updates from version 9.3.0 scheduled.
2025-06-25T18:00:55+00:00 INFO   Updates from version 9.4.0 scheduled.
2025-06-25T18:00:55+00:00 INFO   Updates from version 9.5.0 scheduled.
2025-06-25T18:00:55+00:00 INFO   Updates from version 9.6.1 scheduled.
2025-06-25T18:00:55+00:00 INFO   Updates from version 9.8.0 scheduled.
2025-06-25T18:00:55+00:00 INFO   Updates from version 9.8.5 scheduled.
2025-06-25T18:00:55+00:00 INFO   Updates from version 9.9.0 scheduled.
2025-06-25T18:00:55+00:00 INFO Database updates scheduled.
2025-06-25T18:01:02+00:00 INFO During the update to 9.4.0, WooCommerce removed 0 user meta rows associated with the meta key "woocommerce_admin_help_panel_highlight_shown".
2025-06-25T18:03:53+00:00 INFO Manual database update triggered.
2025-06-25T18:03:53+00:00 INFO Scheduling database updates (from 9.9.5 to 9.9.5)...
2025-06-25T18:03:53+00:00 INFO Database updates scheduled.
2025-06-25T19:06:04+00:00 INFO Automatic database update triggered.
2025-06-25T19:06:04+00:00 INFO Scheduling database updates (from 9.1.2 to 9.9.5)...
2025-06-25T19:06:04+00:00 INFO   Updates from version 9.2.0 scheduled.
2025-06-25T19:06:04+00:00 INFO   Updates from version 9.3.0 scheduled.
2025-06-25T19:06:04+00:00 INFO   Updates from version 9.4.0 scheduled.
2025-06-25T19:06:04+00:00 INFO   Updates from version 9.5.0 scheduled.
2025-06-25T19:06:04+00:00 INFO   Updates from version 9.6.1 scheduled.
2025-06-25T19:06:04+00:00 INFO   Updates from version 9.8.0 scheduled.
2025-06-25T19:06:04+00:00 INFO   Updates from version 9.8.5 scheduled.
2025-06-25T19:06:04+00:00 INFO   Updates from version 9.9.0 scheduled.
2025-06-25T19:06:04+00:00 INFO Database updates scheduled.
2025-06-25T21:24:51+00:00 INFO Automatic database update triggered.
2025-06-25T21:24:51+00:00 INFO Scheduling database updates (from 9.1.2 to 9.9.5)...
2025-06-25T21:24:51+00:00 INFO   Updates from version 9.2.0 scheduled.
2025-06-25T21:24:51+00:00 INFO   Updates from version 9.3.0 scheduled.
2025-06-25T21:24:52+00:00 INFO   Updates from version 9.4.0 scheduled.
2025-06-25T21:24:52+00:00 INFO   Updates from version 9.5.0 scheduled.
2025-06-25T21:24:52+00:00 INFO   Updates from version 9.6.1 scheduled.
2025-06-25T21:24:52+00:00 INFO   Updates from version 9.8.0 scheduled.
2025-06-25T21:24:52+00:00 INFO   Updates from version 9.8.5 scheduled.
2025-06-25T21:24:52+00:00 INFO   Updates from version 9.9.0 scheduled.
2025-06-25T21:24:52+00:00 INFO Database updates scheduled.
